[    3630ms] [ERROR] Error: Minified React error #418; visit https://reactjs.org/docs/error-decoder.html?invariant=418 for the full message or use the non-minified dev environment for full errors and additional helpful warnings.
    at yu (https://app.quantumbyte.ai/assets/index-B5BQyelf.js:22:4788)
    at sa (https://app.quantumbyte.ai/assets/index-B5BQyelf.js:24:45660)
    at la (https://app.quantumbyte.ai/assets/index-B5BQyelf.js:24:39796)
    at lc (https://app.quantumbyte.ai/assets/index-B5BQyelf.js:24:39769)
    at ea (https://app.quantumbyte.ai/assets/index-B5BQyelf.js:24:34788)
    at sn (https://app.quantumbyte.ai/assets/index-B5BQyelf.js:9:1651)
    at MessagePort.Mn (https://app.quantumbyte.ai/assets/index-B5BQyelf.js:9:2044) @ https://app.quantumbyte.ai/assets/components-YlPz1mcy.js:138
[    3652ms] Error: Minified React error #418; visit https://reactjs.org/docs/error-decoder.html?invariant=418 for the full message or use the non-minified dev environment for full errors and additional helpful warnings.
    at yu (https://app.quantumbyte.ai/assets/index-B5BQyelf.js:22:4788)
    at sa (https://app.quantumbyte.ai/assets/index-B5BQyelf.js:24:45660)
    at la (https://app.quantumbyte.ai/assets/index-B5BQyelf.js:24:39796)
    at lc (https://app.quantumbyte.ai/assets/index-B5BQyelf.js:24:39769)
    at ea (https://app.quantumbyte.ai/assets/index-B5BQyelf.js:24:34788)
    at sn (https://app.quantumbyte.ai/assets/index-B5BQyelf.js:9:1651)
    at MessagePort.Mn (https://app.quantumbyte.ai/assets/index-B5BQyelf.js:9:2044)
[    3652ms] Error: Minified React error #418; visit https://reactjs.org/docs/error-decoder.html?invariant=418 for the full message or use the non-minified dev environment for full errors and additional helpful warnings.
    at yu (https://app.quantumbyte.ai/assets/index-B5BQyelf.js:22:4788)
    at sa (https://app.quantumbyte.ai/assets/index-B5BQyelf.js:24:45660)
    at la (https://app.quantumbyte.ai/assets/index-B5BQyelf.js:24:39796)
    at lc (https://app.quantumbyte.ai/assets/index-B5BQyelf.js:24:39769)
    at ea (https://app.quantumbyte.ai/assets/index-B5BQyelf.js:24:34788)
    at sn (https://app.quantumbyte.ai/assets/index-B5BQyelf.js:9:1651)
    at MessagePort.Mn (https://app.quantumbyte.ai/assets/index-B5BQyelf.js:9:2044)
[    3652ms] Error: Minified React error #418; visit https://reactjs.org/docs/error-decoder.html?invariant=418 for the full message or use the non-minified dev environment for full errors and additional helpful warnings.
    at yu (https://app.quantumbyte.ai/assets/index-B5BQyelf.js:22:4788)
    at sa (https://app.quantumbyte.ai/assets/index-B5BQyelf.js:24:45660)
    at la (https://app.quantumbyte.ai/assets/index-B5BQyelf.js:24:39796)
    at lc (https://app.quantumbyte.ai/assets/index-B5BQyelf.js:24:39769)
    at ea (https://app.quantumbyte.ai/assets/index-B5BQyelf.js:24:34788)
    at sn (https://app.quantumbyte.ai/assets/index-B5BQyelf.js:9:1651)
    at MessagePort.Mn (https://app.quantumbyte.ai/assets/index-B5BQyelf.js:9:2044)
[    3652ms] Error: Minified React error #418; visit https://reactjs.org/docs/error-decoder.html?invariant=418 for the full message or use the non-minified dev environment for full errors and additional helpful warnings.
    at yu (https://app.quantumbyte.ai/assets/index-B5BQyelf.js:22:4788)
    at sa (https://app.quantumbyte.ai/assets/index-B5BQyelf.js:24:45660)
    at la (https://app.quantumbyte.ai/assets/index-B5BQyelf.js:24:39796)
    at lc (https://app.quantumbyte.ai/assets/index-B5BQyelf.js:24:39769)
    at ea (https://app.quantumbyte.ai/assets/index-B5BQyelf.js:24:34788)
    at sn (https://app.quantumbyte.ai/assets/index-B5BQyelf.js:9:1651)
    at MessagePort.Mn (https://app.quantumbyte.ai/assets/index-B5BQyelf.js:9:2044)
[    3652ms] Error: Minified React error #418; visit https://reactjs.org/docs/error-decoder.html?invariant=418 for the full message or use the non-minified dev environment for full errors and additional helpful warnings.
    at yu (https://app.quantumbyte.ai/assets/index-B5BQyelf.js:22:4788)
    at sa (https://app.quantumbyte.ai/assets/index-B5BQyelf.js:24:45660)
    at la (https://app.quantumbyte.ai/assets/index-B5BQyelf.js:24:39796)
    at lc (https://app.quantumbyte.ai/assets/index-B5BQyelf.js:24:39769)
    at ea (https://app.quantumbyte.ai/assets/index-B5BQyelf.js:24:34788)
    at sn (https://app.quantumbyte.ai/assets/index-B5BQyelf.js:9:1651)
    at MessagePort.Mn (https://app.quantumbyte.ai/assets/index-B5BQyelf.js:9:2044)
[    3652ms] Error: Minified React error #418; visit https://reactjs.org/docs/error-decoder.html?invariant=418 for the full message or use the non-minified dev environment for full errors and additional helpful warnings.
    at yu (https://app.quantumbyte.ai/assets/index-B5BQyelf.js:22:4788)
    at sa (https://app.quantumbyte.ai/assets/index-B5BQyelf.js:24:45660)
    at la (https://app.quantumbyte.ai/assets/index-B5BQyelf.js:24:39796)
    at lc (https://app.quantumbyte.ai/assets/index-B5BQyelf.js:24:39769)
    at ea (https://app.quantumbyte.ai/assets/index-B5BQyelf.js:24:34788)
    at sn (https://app.quantumbyte.ai/assets/index-B5BQyelf.js:9:1651)
    at MessagePort.Mn (https://app.quantumbyte.ai/assets/index-B5BQyelf.js:9:2044)
[    3653ms] Error: Minified React error #418; visit https://reactjs.org/docs/error-decoder.html?invariant=418 for the full message or use the non-minified dev environment for full errors and additional helpful warnings.
    at yu (https://app.quantumbyte.ai/assets/index-B5BQyelf.js:22:4788)
    at sa (https://app.quantumbyte.ai/assets/index-B5BQyelf.js:24:45660)
    at la (https://app.quantumbyte.ai/assets/index-B5BQyelf.js:24:39796)
    at lc (https://app.quantumbyte.ai/assets/index-B5BQyelf.js:24:39769)
    at ea (https://app.quantumbyte.ai/assets/index-B5BQyelf.js:24:34788)
    at sn (https://app.quantumbyte.ai/assets/index-B5BQyelf.js:9:1651)
    at MessagePort.Mn (https://app.quantumbyte.ai/assets/index-B5BQyelf.js:9:2044)
[    3653ms] Error: Minified React error #418; visit https://reactjs.org/docs/error-decoder.html?invariant=418 for the full message or use the non-minified dev environment for full errors and additional helpful warnings.
    at yu (https://app.quantumbyte.ai/assets/index-B5BQyelf.js:22:4788)
    at sa (https://app.quantumbyte.ai/assets/index-B5BQyelf.js:24:45660)
    at la (https://app.quantumbyte.ai/assets/index-B5BQyelf.js:24:39796)
    at lc (https://app.quantumbyte.ai/assets/index-B5BQyelf.js:24:39769)
    at ea (https://app.quantumbyte.ai/assets/index-B5BQyelf.js:24:34788)
    at sn (https://app.quantumbyte.ai/assets/index-B5BQyelf.js:9:1651)
    at MessagePort.Mn (https://app.quantumbyte.ai/assets/index-B5BQyelf.js:9:2044)
[    3653ms] Error: Minified React error #418; visit https://reactjs.org/docs/error-decoder.html?invariant=418 for the full message or use the non-minified dev environment for full errors and additional helpful warnings.
    at yu (https://app.quantumbyte.ai/assets/index-B5BQyelf.js:22:4788)
    at sa (https://app.quantumbyte.ai/assets/index-B5BQyelf.js:24:45660)
    at la (https://app.quantumbyte.ai/assets/index-B5BQyelf.js:24:39796)
    at lc (https://app.quantumbyte.ai/assets/index-B5BQyelf.js:24:39769)
    at ea (https://app.quantumbyte.ai/assets/index-B5BQyelf.js:24:34788)
    at sn (https://app.quantumbyte.ai/assets/index-B5BQyelf.js:9:1651)
    at MessagePort.Mn (https://app.quantumbyte.ai/assets/index-B5BQyelf.js:9:2044)
[    3653ms] Error: Minified React error #418; visit https://reactjs.org/docs/error-decoder.html?invariant=418 for the full message or use the non-minified dev environment for full errors and additional helpful warnings.
    at yu (https://app.quantumbyte.ai/assets/index-B5BQyelf.js:22:4788)
    at sa (https://app.quantumbyte.ai/assets/index-B5BQyelf.js:24:45660)
    at la (https://app.quantumbyte.ai/assets/index-B5BQyelf.js:24:39796)
    at lc (https://app.quantumbyte.ai/assets/index-B5BQyelf.js:24:39769)
    at ea (https://app.quantumbyte.ai/assets/index-B5BQyelf.js:24:34788)
    at sn (https://app.quantumbyte.ai/assets/index-B5BQyelf.js:9:1651)
    at MessagePort.Mn (https://app.quantumbyte.ai/assets/index-B5BQyelf.js:9:2044)
[    3653ms] Error: Minified React error #418; visit https://reactjs.org/docs/error-decoder.html?invariant=418 for the full message or use the non-minified dev environment for full errors and additional helpful warnings.
    at yu (https://app.quantumbyte.ai/assets/index-B5BQyelf.js:22:4788)
    at sa (https://app.quantumbyte.ai/assets/index-B5BQyelf.js:24:45660)
    at la (https://app.quantumbyte.ai/assets/index-B5BQyelf.js:24:39796)
    at lc (https://app.quantumbyte.ai/assets/index-B5BQyelf.js:24:39769)
    at ea (https://app.quantumbyte.ai/assets/index-B5BQyelf.js:24:34788)
    at sn (https://app.quantumbyte.ai/assets/index-B5BQyelf.js:9:1651)
    at MessagePort.Mn (https://app.quantumbyte.ai/assets/index-B5BQyelf.js:9:2044)
[    3653ms] Error: Minified React error #418; visit https://reactjs.org/docs/error-decoder.html?invariant=418 for the full message or use the non-minified dev environment for full errors and additional helpful warnings.
    at yu (https://app.quantumbyte.ai/assets/index-B5BQyelf.js:22:4788)
    at sa (https://app.quantumbyte.ai/assets/index-B5BQyelf.js:24:45660)
    at la (https://app.quantumbyte.ai/assets/index-B5BQyelf.js:24:39796)
    at lc (https://app.quantumbyte.ai/assets/index-B5BQyelf.js:24:39769)
    at ea (https://app.quantumbyte.ai/assets/index-B5BQyelf.js:24:34788)
    at sn (https://app.quantumbyte.ai/assets/index-B5BQyelf.js:9:1651)
    at MessagePort.Mn (https://app.quantumbyte.ai/assets/index-B5BQyelf.js:9:2044)
[    3653ms] Error: Minified React error #418; visit https://reactjs.org/docs/error-decoder.html?invariant=418 for the full message or use the non-minified dev environment for full errors and additional helpful warnings.
    at yu (https://app.quantumbyte.ai/assets/index-B5BQyelf.js:22:4788)
    at sa (https://app.quantumbyte.ai/assets/index-B5BQyelf.js:24:45660)
    at la (https://app.quantumbyte.ai/assets/index-B5BQyelf.js:24:39796)
    at lc (https://app.quantumbyte.ai/assets/index-B5BQyelf.js:24:39769)
    at ea (https://app.quantumbyte.ai/assets/index-B5BQyelf.js:24:34788)
    at sn (https://app.quantumbyte.ai/assets/index-B5BQyelf.js:9:1651)
    at MessagePort.Mn (https://app.quantumbyte.ai/assets/index-B5BQyelf.js:9:2044)
[    3653ms] Error: Minified React error #423; visit https://reactjs.org/docs/error-decoder.html?invariant=423 for the full message or use the non-minified dev environment for full errors and additional helpful warnings.
    at sa (https://app.quantumbyte.ai/assets/index-B5BQyelf.js:24:45320)
    at la (https://app.quantumbyte.ai/assets/index-B5BQyelf.js:24:39796)
    at rc (https://app.quantumbyte.ai/assets/index-B5BQyelf.js:24:39727)
    at ml (https://app.quantumbyte.ai/assets/index-B5BQyelf.js:24:39585)
    at li (https://app.quantumbyte.ai/assets/index-B5BQyelf.js:24:35969)
    at ea (https://app.quantumbyte.ai/assets/index-B5BQyelf.js:24:34922)
    at sn (https://app.quantumbyte.ai/assets/index-B5BQyelf.js:9:1651)
    at MessagePort.Mn (https://app.quantumbyte.ai/assets/index-B5BQyelf.js:9:2044)
[    3666ms] [LOG] PostHog loaded successfully @ https://app.quantumbyte.ai/assets/root-C2oriN19.js:10
[    3666ms] [LOG] PostHog distinct_id: 019ef3b0-42a0-7510-ad42-a9eb186229be @ https://app.quantumbyte.ai/assets/root-C2oriN19.js:10
