[     666ms] [ERROR] [ERROR] 47:12.422 NetRequest - Error during request: TypeError: Failed to fetch (data-ingestion.emochi.com) @ https://emochi.com/_next/static/chunks/00m.bkrs3ih~u.js?dpl=dpl_8fEtLK3j8LhQtmM5BTceNfHaLbjE:16
[     669ms] [ERROR] [ERROR] 47:12.425 NetRequest - Request failed after 1 retries @ https://emochi.com/_next/static/chunks/00m.bkrs3ih~u.js?dpl=dpl_8fEtLK3j8LhQtmM5BTceNfHaLbjE:16
[     669ms] [ERROR] [ERROR] 47:12.425 NetRequest - Error during request: TypeError: Failed to fetch (data-ingestion.emochi.com) @ https://emochi.com/_next/static/chunks/00m.bkrs3ih~u.js?dpl=dpl_8fEtLK3j8LhQtmM5BTceNfHaLbjE:16
[     670ms] [ERROR] [ERROR] 47:12.426 NetRequest - Error during request: TypeError: Failed to fetch (data-ingestion.emochi.com) @ https://emochi.com/_next/static/chunks/00m.bkrs3ih~u.js?dpl=dpl_8fEtLK3j8LhQtmM5BTceNfHaLbjE:16
[    1381ms] [WARNING]   WARN  [Statsig] SDK initialization has not completed. Reason: Uninitialized @ https://emochi.com/_next/static/chunks/00m.bkrs3ih~u.js?dpl=dpl_8fEtLK3j8LhQtmM5BTceNfHaLbjE:16
[    1481ms] [WARNING]   WARN  [Statsig] SDK initialization has not completed. Reason: Uninitialized @ https://emochi.com/_next/static/chunks/00m.bkrs3ih~u.js?dpl=dpl_8fEtLK3j8LhQtmM5BTceNfHaLbjE:16
[    1481ms] [WARNING]   WARN  [Statsig] SDK initialization has not completed. Reason: Uninitialized @ https://emochi.com/_next/static/chunks/00m.bkrs3ih~u.js?dpl=dpl_8fEtLK3j8LhQtmM5BTceNfHaLbjE:16
[    2368ms] [WARNING]   WARN  [Statsig] SDK initialization has not completed. Reason: Loading:Unrecognized @ https://emochi.com/_next/static/chunks/00m.bkrs3ih~u.js?dpl=dpl_8fEtLK3j8LhQtmM5BTceNfHaLbjE:16
[    2369ms] [WARNING]   WARN  [Statsig] SDK initialization has not completed. Reason: Loading:Unrecognized @ https://emochi.com/_next/static/chunks/00m.bkrs3ih~u.js?dpl=dpl_8fEtLK3j8LhQtmM5BTceNfHaLbjE:16
[    2445ms] [WARNING]   WARN  [Statsig] The user does not have the required id_type "userID" for Gate "google-ads" @ https://emochi.com/_next/static/chunks/00m.bkrs3ih~u.js?dpl=dpl_8fEtLK3j8LhQtmM5BTceNfHaLbjE:16
[    2446ms] [WARNING]   WARN  [Statsig] The user does not have the required id_type "userID" for Gate "google-rewarded-test-mode" @ https://emochi.com/_next/static/chunks/00m.bkrs3ih~u.js?dpl=dpl_8fEtLK3j8LhQtmM5BTceNfHaLbjE:16
[    2770ms] [WARNING]   WARN  [Statsig] The user does not have the required id_type "userID" for Gate "google-ads" @ https://emochi.com/_next/static/chunks/00m.bkrs3ih~u.js?dpl=dpl_8fEtLK3j8LhQtmM5BTceNfHaLbjE:16
[    2770ms] [WARNING]   WARN  [Statsig] The user does not have the required id_type "userID" for Gate "google-rewarded-test-mode" @ https://emochi.com/_next/static/chunks/00m.bkrs3ih~u.js?dpl=dpl_8fEtLK3j8LhQtmM5BTceNfHaLbjE:16
[    2793ms] [WARNING] [Google Ads] Script loaded @ https://emochi.com/_next/static/chunks/00m.bkrs3ih~u.js?dpl=dpl_8fEtLK3j8LhQtmM5BTceNfHaLbjE:16
[    2810ms] [WARNING] [GSI_LOGGER]: google.accounts.id.initialize() is called multiple times. This could cause unexpected behavior and only the last initialized instance will be used. @ https://emochi.com/_next/static/chunks/00m.bkrs3ih~u.js?dpl=dpl_8fEtLK3j8LhQtmM5BTceNfHaLbjE:16
[    2815ms] [WARNING] [GSI_LOGGER]: Your client application uses one of the Google One Tap prompt UI status methods that may stop functioning when FedCM becomes mandatory. Refer to the migration guide to update your code accordingly and opt-in to FedCM to test your changes. Learn more: https://developers.google.com/identity/gsi/web/guides/fedcm-migration?s=dc#display_moment and https://developers.google.com/identity/gsi/web/guides/fedcm-migration?s=dc#skipped_moment @ https://emochi.com/_next/static/chunks/00m.bkrs3ih~u.js?dpl=dpl_8fEtLK3j8LhQtmM5BTceNfHaLbjE:16
[    2817ms] [ERROR] Not signed in with the identity provider. @ https://emochi.com/:0
[    2817ms] [ERROR] [GSI_LOGGER]: FedCM get() rejects with AbortError: signal is aborted without reason @ https://emochi.com/_next/static/chunks/00m.bkrs3ih~u.js?dpl=dpl_8fEtLK3j8LhQtmM5BTceNfHaLbjE:16
[    2817ms] [ERROR] Not signed in with the identity provider. @ https://emochi.com/:0
[    2875ms] [WARNING]   WARN  [Statsig] The user does not have the required id_type "userID" for Dynamic config "statsig_config" @ https://emochi.com/_next/static/chunks/00m.bkrs3ih~u.js?dpl=dpl_8fEtLK3j8LhQtmM5BTceNfHaLbjE:16
[    2876ms] [WARNING]   WARN  [Statsig] The user does not have the required id_type "userID" for Gate "google-ads" @ https://emochi.com/_next/static/chunks/00m.bkrs3ih~u.js?dpl=dpl_8fEtLK3j8LhQtmM5BTceNfHaLbjE:16
[    2877ms] [WARNING]   WARN  [Statsig] The user does not have the required id_type "userID" for Gate "google-rewarded-test-mode" @ https://emochi.com/_next/static/chunks/00m.bkrs3ih~u.js?dpl=dpl_8fEtLK3j8LhQtmM5BTceNfHaLbjE:16
[    6162ms] [ERROR] [GSI_LOGGER]: FedCM get() rejects with NetworkError: Error retrieving a token. @ https://emochi.com/_next/static/chunks/00m.bkrs3ih~u.js?dpl=dpl_8fEtLK3j8LhQtmM5BTceNfHaLbjE:16
[    7270ms] [WARNING] The resource https://image-cdn.flowgpt.com/cdn-cgi/image/width=640,quality=75,format=auto/config%2Fassets%2F19cdbf8812a_new-model-generation-mobel.png was preloaded using link preload but not used within a few seconds from the window's load event. Please make sure it has an appropriate `as` value and it is preloaded intentionally. @ https://emochi.com/:0
[    7270ms] [WARNING] The resource https://emochi.com/_next/static/chunks/0mboj7lk3s32r.css?dpl=dpl_8fEtLK3j8LhQtmM5BTceNfHaLbjE was preloaded using link preload but not used within a few seconds from the window's load event. Please make sure it has an appropriate `as` value and it is preloaded intentionally. @ https://emochi.com/:0
[    7270ms] [WARNING] The resource https://image-cdn.flowgpt.com/cdn-cgi/image/width=640,quality=75,format=auto/config%2Fassets%2F19cdbe3797c_new-model-generation.png was preloaded using link preload but not used within a few seconds from the window's load event. Please make sure it has an appropriate `as` value and it is preloaded intentionally. @ https://emochi.com/:0
[   11878ms] [WARNING] The resource https://image-cdn.flowgpt.com/cdn-cgi/image/width=640,quality=75,format=auto/config%2Fassets%2F19cdbf8812a_new-model-generation-mobel.png was preloaded using link preload but not used within a few seconds from the window's load event. Please make sure it has an appropriate `as` value and it is preloaded intentionally. @ https://emochi.com/:0
[   11878ms] [WARNING] The resource https://image-cdn.flowgpt.com/cdn-cgi/image/width=640,quality=75,format=auto/config%2Fassets%2F19bc5af0d3a_banner1-sm.png was preloaded using link preload but not used within a few seconds from the window's load event. Please make sure it has an appropriate `as` value and it is preloaded intentionally. @ https://emochi.com/:0
[   11879ms] [WARNING] The resource https://image-cdn.flowgpt.com/cdn-cgi/image/width=640,quality=75,format=auto/config%2Fassets%2F19bbcea9fbc_banner1-full.png was preloaded using link preload but not used within a few seconds from the window's load event. Please make sure it has an appropriate `as` value and it is preloaded intentionally. @ https://emochi.com/:0
[   11879ms] [WARNING] The resource https://emochi.com/_next/static/chunks/0mboj7lk3s32r.css?dpl=dpl_8fEtLK3j8LhQtmM5BTceNfHaLbjE was preloaded using link preload but not used within a few seconds from the window's load event. Please make sure it has an appropriate `as` value and it is preloaded intentionally. @ https://emochi.com/:0
[   11879ms] [WARNING] The resource https://image-cdn.flowgpt.com/cdn-cgi/image/width=640,quality=75,format=auto/config%2Fassets%2F19cdbe3797c_new-model-generation.png was preloaded using link preload but not used within a few seconds from the window's load event. Please make sure it has an appropriate `as` value and it is preloaded intentionally. @ https://emochi.com/:0
[   20874ms] [WARNING] The resource https://image-cdn.flowgpt.com/cdn-cgi/image/width=640,quality=75,format=auto/config%2Fassets%2F19bbceabc88_banner2-full.png was preloaded using link preload but not used within a few seconds from the window's load event. Please make sure it has an appropriate `as` value and it is preloaded intentionally. @ https://emochi.com/:0
[   20875ms] [WARNING] The resource https://image-cdn.flowgpt.com/cdn-cgi/image/width=640,quality=75,format=auto/config%2Fassets%2F19bbcea9fbc_banner1-full.png was preloaded using link preload but not used within a few seconds from the window's load event. Please make sure it has an appropriate `as` value and it is preloaded intentionally. @ https://emochi.com/:0
[   20875ms] [WARNING] The resource https://image-cdn.flowgpt.com/cdn-cgi/image/width=640,quality=75,format=auto/config%2Fassets%2F19bbcead1ed_banner3-full.png was preloaded using link preload but not used within a few seconds from the window's load event. Please make sure it has an appropriate `as` value and it is preloaded intentionally. @ https://emochi.com/:0
[   20875ms] [WARNING] The resource https://image-cdn.flowgpt.com/cdn-cgi/image/width=640,quality=75,format=auto/config%2Fassets%2F19bc5af4716_banner3-sm.png was preloaded using link preload but not used within a few seconds from the window's load event. Please make sure it has an appropriate `as` value and it is preloaded intentionally. @ https://emochi.com/:0
[   20875ms] [WARNING] The resource https://image-cdn.flowgpt.com/cdn-cgi/image/width=640,quality=75,format=auto/config%2Fassets%2F19bc5af0d3a_banner1-sm.png was preloaded using link preload but not used within a few seconds from the window's load event. Please make sure it has an appropriate `as` value and it is preloaded intentionally. @ https://emochi.com/:0
[   20875ms] [WARNING] The resource https://image-cdn.flowgpt.com/cdn-cgi/image/width=640,quality=75,format=auto/config%2Fassets%2F19cdbf8812a_new-model-generation-mobel.png was preloaded using link preload but not used within a few seconds from the window's load event. Please make sure it has an appropriate `as` value and it is preloaded intentionally. @ https://emochi.com/:0
[   20875ms] [WARNING] The resource https://image-cdn.flowgpt.com/cdn-cgi/image/width=640,quality=75,format=auto/config%2Fassets%2F19cdbe3797c_new-model-generation.png was preloaded using link preload but not used within a few seconds from the window's load event. Please make sure it has an appropriate `as` value and it is preloaded intentionally. @ https://emochi.com/:0
[   20875ms] [WARNING] The resource https://image-cdn.flowgpt.com/cdn-cgi/image/width=640,quality=75,format=auto/config%2Fassets%2F19bc5af30c6_banner2-sm.png was preloaded using link preload but not used within a few seconds from the window's load event. Please make sure it has an appropriate `as` value and it is preloaded intentionally. @ https://emochi.com/:0
[   20875ms] [WARNING] The resource https://emochi.com/_next/static/chunks/0mboj7lk3s32r.css?dpl=dpl_8fEtLK3j8LhQtmM5BTceNfHaLbjE was preloaded using link preload but not used within a few seconds from the window's load event. Please make sure it has an appropriate `as` value and it is preloaded intentionally. @ https://emochi.com/:0
