[    2017ms] [WARNING]   WARN  [Statsig] SDK initialization has not completed. Reason: Uninitialized @ https://emochi.com/_next/static/chunks/00m.bkrs3ih~u.js?dpl=dpl_8fEtLK3j8LhQtmM5BTceNfHaLbjE:16
[    2192ms] [WARNING]   WARN  [Statsig] SDK initialization has not completed. Reason: Uninitialized @ https://emochi.com/_next/static/chunks/00m.bkrs3ih~u.js?dpl=dpl_8fEtLK3j8LhQtmM5BTceNfHaLbjE:16
[    2193ms] [WARNING]   WARN  [Statsig] SDK initialization has not completed. Reason: Uninitialized @ https://emochi.com/_next/static/chunks/00m.bkrs3ih~u.js?dpl=dpl_8fEtLK3j8LhQtmM5BTceNfHaLbjE:16
[    2360ms] [WARNING]   WARN  [Statsig] SDK initialization has not completed. Reason: Loading:Unrecognized @ https://emochi.com/_next/static/chunks/00m.bkrs3ih~u.js?dpl=dpl_8fEtLK3j8LhQtmM5BTceNfHaLbjE:16
[    2360ms] [WARNING]   WARN  [Statsig] SDK initialization has not completed. Reason: Loading:Unrecognized @ https://emochi.com/_next/static/chunks/00m.bkrs3ih~u.js?dpl=dpl_8fEtLK3j8LhQtmM5BTceNfHaLbjE:16
[    2630ms] [WARNING]   WARN  [Statsig] The user does not have the required id_type "userID" for Gate "google-ads" @ https://emochi.com/_next/static/chunks/00m.bkrs3ih~u.js?dpl=dpl_8fEtLK3j8LhQtmM5BTceNfHaLbjE:16
[    2630ms] [WARNING]   WARN  [Statsig] The user does not have the required id_type "userID" for Gate "google-rewarded-test-mode" @ https://emochi.com/_next/static/chunks/00m.bkrs3ih~u.js?dpl=dpl_8fEtLK3j8LhQtmM5BTceNfHaLbjE:16
[    2809ms] [WARNING]   WARN  [Statsig] The user does not have the required id_type "userID" for Gate "google-ads" @ https://emochi.com/_next/static/chunks/00m.bkrs3ih~u.js?dpl=dpl_8fEtLK3j8LhQtmM5BTceNfHaLbjE:16
[    2809ms] [WARNING]   WARN  [Statsig] The user does not have the required id_type "userID" for Gate "google-rewarded-test-mode" @ https://emochi.com/_next/static/chunks/00m.bkrs3ih~u.js?dpl=dpl_8fEtLK3j8LhQtmM5BTceNfHaLbjE:16
[    2845ms] [WARNING]   WARN  [Statsig] The user does not have the required id_type "userID" for Dynamic config "statsig_config" @ https://emochi.com/_next/static/chunks/00m.bkrs3ih~u.js?dpl=dpl_8fEtLK3j8LhQtmM5BTceNfHaLbjE:16
[    2847ms] [WARNING]   WARN  [Statsig] The user does not have the required id_type "userID" for Gate "google-ads" @ https://emochi.com/_next/static/chunks/00m.bkrs3ih~u.js?dpl=dpl_8fEtLK3j8LhQtmM5BTceNfHaLbjE:16
[    2848ms] [WARNING]   WARN  [Statsig] The user does not have the required id_type "userID" for Gate "google-rewarded-test-mode" @ https://emochi.com/_next/static/chunks/00m.bkrs3ih~u.js?dpl=dpl_8fEtLK3j8LhQtmM5BTceNfHaLbjE:16
[    2965ms] [WARNING] [GSI_LOGGER]: google.accounts.id.initialize() is called multiple times. This could cause unexpected behavior and only the last initialized instance will be used. @ https://emochi.com/_next/static/chunks/00m.bkrs3ih~u.js?dpl=dpl_8fEtLK3j8LhQtmM5BTceNfHaLbjE:16
[    2979ms] [WARNING] [GSI_LOGGER]: Your client application uses one of the Google One Tap prompt UI status methods that may stop functioning when FedCM becomes mandatory. Refer to the migration guide to update your code accordingly and opt-in to FedCM to test your changes. Learn more: https://developers.google.com/identity/gsi/web/guides/fedcm-migration?s=dc#display_moment and https://developers.google.com/identity/gsi/web/guides/fedcm-migration?s=dc#skipped_moment @ https://emochi.com/_next/static/chunks/00m.bkrs3ih~u.js?dpl=dpl_8fEtLK3j8LhQtmM5BTceNfHaLbjE:16
[    2985ms] [ERROR] Not signed in with the identity provider. @ https://emochi.com/:0
[    2986ms] [ERROR] [GSI_LOGGER]: FedCM get() rejects with AbortError: signal is aborted without reason @ https://emochi.com/_next/static/chunks/00m.bkrs3ih~u.js?dpl=dpl_8fEtLK3j8LhQtmM5BTceNfHaLbjE:16
[    2988ms] [ERROR] Not signed in with the identity provider. @ https://emochi.com/:0
[    3026ms] [WARNING] [Google Ads] Script loaded @ https://emochi.com/_next/static/chunks/00m.bkrs3ih~u.js?dpl=dpl_8fEtLK3j8LhQtmM5BTceNfHaLbjE:16
[    3309ms] [ERROR] [GSI_LOGGER]: FedCM get() rejects with NetworkError: Error retrieving a token. @ https://emochi.com/_next/static/chunks/00m.bkrs3ih~u.js?dpl=dpl_8fEtLK3j8LhQtmM5BTceNfHaLbjE:16
[   11840ms] [WARNING] The resource https://emochi.com/_next/static/chunks/0mboj7lk3s32r.css?dpl=dpl_8fEtLK3j8LhQtmM5BTceNfHaLbjE was preloaded using link preload but not used within a few seconds from the window's load event. Please make sure it has an appropriate `as` value and it is preloaded intentionally. @ https://emochi.com/:0
[   20833ms] [WARNING] The resource https://emochi.com/_next/static/chunks/0mboj7lk3s32r.css?dpl=dpl_8fEtLK3j8LhQtmM5BTceNfHaLbjE was preloaded using link preload but not used within a few seconds from the window's load event. Please make sure it has an appropriate `as` value and it is preloaded intentionally. @ https://emochi.com/:0
