[    1693ms] [ERROR] Access to fetch at 'https://nv7sw4gs-4817-prod.quantumbyte.ai/' from origin 'https://app.quantumbyte.ai' has been blocked by CORS policy: No 'Access-Control-Allow-Origin' header is present on the requested resource. @ https://app.quantumbyte.ai/dashboard/project/blueprint/nv7sw4gs-4817:0
[    1693ms] [ERROR] Failed to load resource: net::ERR_FAILED @ https://nv7sw4gs-4817-prod.quantumbyte.ai/:0
[    3190ms] [LOG] Stream error, retrying in 5s:  Event @ https://app.quantumbyte.ai/ph-relay-xqcz/static/posthog-recorder.js?v=1.369.3:0
[    3530ms] [ERROR] Error: Minified React error #418; visit https://reactjs.org/docs/error-decoder.html?invariant=418 for the full message or use the non-minified dev environment for full errors and additional helpful warnings.
    at yu (https://app.quantumbyte.ai/assets/index-B5BQyelf.js:22:4788)
    at sa (https://app.quantumbyte.ai/assets/index-B5BQyelf.js:24:45660)
    at la (https://app.quantumbyte.ai/assets/index-B5BQyelf.js:24:39796)
    at lc (https://app.quantumbyte.ai/assets/index-B5BQyelf.js:24:39769)
    at ea (https://app.quantumbyte.ai/assets/index-B5BQyelf.js:24:34788)
    at sn (https://app.quantumbyte.ai/assets/index-B5BQyelf.js:9:1651)
    at MessagePort.Mn (https://app.quantumbyte.ai/assets/index-B5BQyelf.js:9:2044) @ https://app.quantumbyte.ai/assets/components-YlPz1mcy.js:138
[    3568ms] Error: Minified React error #418; visit https://reactjs.org/docs/error-decoder.html?invariant=418 for the full message or use the non-minified dev environment for full errors and additional helpful warnings.
    at yu (https://app.quantumbyte.ai/assets/index-B5BQyelf.js:22:4788)
    at sa (https://app.quantumbyte.ai/assets/index-B5BQyelf.js:24:45660)
    at la (https://app.quantumbyte.ai/assets/index-B5BQyelf.js:24:39796)
    at lc (https://app.quantumbyte.ai/assets/index-B5BQyelf.js:24:39769)
    at ea (https://app.quantumbyte.ai/assets/index-B5BQyelf.js:24:34788)
    at sn (https://app.quantumbyte.ai/assets/index-B5BQyelf.js:9:1651)
    at MessagePort.Mn (https://app.quantumbyte.ai/assets/index-B5BQyelf.js:9:2044)
[    3568ms] Error: Minified React error #418; visit https://reactjs.org/docs/error-decoder.html?invariant=418 for the full message or use the non-minified dev environment for full errors and additional helpful warnings.
    at yu (https://app.quantumbyte.ai/assets/index-B5BQyelf.js:22:4788)
    at sa (https://app.quantumbyte.ai/assets/index-B5BQyelf.js:24:45660)
    at la (https://app.quantumbyte.ai/assets/index-B5BQyelf.js:24:39796)
    at lc (https://app.quantumbyte.ai/assets/index-B5BQyelf.js:24:39769)
    at ea (https://app.quantumbyte.ai/assets/index-B5BQyelf.js:24:34788)
    at sn (https://app.quantumbyte.ai/assets/index-B5BQyelf.js:9:1651)
    at MessagePort.Mn (https://app.quantumbyte.ai/assets/index-B5BQyelf.js:9:2044)
[    3568ms] Error: Minified React error #418; visit https://reactjs.org/docs/error-decoder.html?invariant=418 for the full message or use the non-minified dev environment for full errors and additional helpful warnings.
    at yu (https://app.quantumbyte.ai/assets/index-B5BQyelf.js:22:4788)
    at sa (https://app.quantumbyte.ai/assets/index-B5BQyelf.js:24:45660)
    at la (https://app.quantumbyte.ai/assets/index-B5BQyelf.js:24:39796)
    at lc (https://app.quantumbyte.ai/assets/index-B5BQyelf.js:24:39769)
    at ea (https://app.quantumbyte.ai/assets/index-B5BQyelf.js:24:34788)
    at sn (https://app.quantumbyte.ai/assets/index-B5BQyelf.js:9:1651)
    at MessagePort.Mn (https://app.quantumbyte.ai/assets/index-B5BQyelf.js:9:2044)
[    3568ms] Error: Minified React error #418; visit https://reactjs.org/docs/error-decoder.html?invariant=418 for the full message or use the non-minified dev environment for full errors and additional helpful warnings.
    at yu (https://app.quantumbyte.ai/assets/index-B5BQyelf.js:22:4788)
    at sa (https://app.quantumbyte.ai/assets/index-B5BQyelf.js:24:45660)
    at la (https://app.quantumbyte.ai/assets/index-B5BQyelf.js:24:39796)
    at lc (https://app.quantumbyte.ai/assets/index-B5BQyelf.js:24:39769)
    at ea (https://app.quantumbyte.ai/assets/index-B5BQyelf.js:24:34788)
    at sn (https://app.quantumbyte.ai/assets/index-B5BQyelf.js:9:1651)
    at MessagePort.Mn (https://app.quantumbyte.ai/assets/index-B5BQyelf.js:9:2044)
[    3568ms] Error: Minified React error #418; visit https://reactjs.org/docs/error-decoder.html?invariant=418 for the full message or use the non-minified dev environment for full errors and additional helpful warnings.
    at yu (https://app.quantumbyte.ai/assets/index-B5BQyelf.js:22:4788)
    at sa (https://app.quantumbyte.ai/assets/index-B5BQyelf.js:24:45660)
    at la (https://app.quantumbyte.ai/assets/index-B5BQyelf.js:24:39796)
    at lc (https://app.quantumbyte.ai/assets/index-B5BQyelf.js:24:39769)
    at ea (https://app.quantumbyte.ai/assets/index-B5BQyelf.js:24:34788)
    at sn (https://app.quantumbyte.ai/assets/index-B5BQyelf.js:9:1651)
    at MessagePort.Mn (https://app.quantumbyte.ai/assets/index-B5BQyelf.js:9:2044)
[    3568ms] Error: Minified React error #418; visit https://reactjs.org/docs/error-decoder.html?invariant=418 for the full message or use the non-minified dev environment for full errors and additional helpful warnings.
    at yu (https://app.quantumbyte.ai/assets/index-B5BQyelf.js:22:4788)
    at sa (https://app.quantumbyte.ai/assets/index-B5BQyelf.js:24:45660)
    at la (https://app.quantumbyte.ai/assets/index-B5BQyelf.js:24:39796)
    at lc (https://app.quantumbyte.ai/assets/index-B5BQyelf.js:24:39769)
    at ea (https://app.quantumbyte.ai/assets/index-B5BQyelf.js:24:34788)
    at sn (https://app.quantumbyte.ai/assets/index-B5BQyelf.js:9:1651)
    at MessagePort.Mn (https://app.quantumbyte.ai/assets/index-B5BQyelf.js:9:2044)
[    3568ms] Error: Minified React error #418; visit https://reactjs.org/docs/error-decoder.html?invariant=418 for the full message or use the non-minified dev environment for full errors and additional helpful warnings.
    at yu (https://app.quantumbyte.ai/assets/index-B5BQyelf.js:22:4788)
    at sa (https://app.quantumbyte.ai/assets/index-B5BQyelf.js:24:45660)
    at la (https://app.quantumbyte.ai/assets/index-B5BQyelf.js:24:39796)
    at lc (https://app.quantumbyte.ai/assets/index-B5BQyelf.js:24:39769)
    at ea (https://app.quantumbyte.ai/assets/index-B5BQyelf.js:24:34788)
    at sn (https://app.quantumbyte.ai/assets/index-B5BQyelf.js:9:1651)
    at MessagePort.Mn (https://app.quantumbyte.ai/assets/index-B5BQyelf.js:9:2044)
[    3569ms] Error: Minified React error #418; visit https://reactjs.org/docs/error-decoder.html?invariant=418 for the full message or use the non-minified dev environment for full errors and additional helpful warnings.
    at yu (https://app.quantumbyte.ai/assets/index-B5BQyelf.js:22:4788)
    at sa (https://app.quantumbyte.ai/assets/index-B5BQyelf.js:24:45660)
    at la (https://app.quantumbyte.ai/assets/index-B5BQyelf.js:24:39796)
    at lc (https://app.quantumbyte.ai/assets/index-B5BQyelf.js:24:39769)
    at ea (https://app.quantumbyte.ai/assets/index-B5BQyelf.js:24:34788)
    at sn (https://app.quantumbyte.ai/assets/index-B5BQyelf.js:9:1651)
    at MessagePort.Mn (https://app.quantumbyte.ai/assets/index-B5BQyelf.js:9:2044)
[    3569ms] Error: Minified React error #418; visit https://reactjs.org/docs/error-decoder.html?invariant=418 for the full message or use the non-minified dev environment for full errors and additional helpful warnings.
    at yu (https://app.quantumbyte.ai/assets/index-B5BQyelf.js:22:4788)
    at sa (https://app.quantumbyte.ai/assets/index-B5BQyelf.js:24:45660)
    at la (https://app.quantumbyte.ai/assets/index-B5BQyelf.js:24:39796)
    at lc (https://app.quantumbyte.ai/assets/index-B5BQyelf.js:24:39769)
    at ea (https://app.quantumbyte.ai/assets/index-B5BQyelf.js:24:34788)
    at sn (https://app.quantumbyte.ai/assets/index-B5BQyelf.js:9:1651)
    at MessagePort.Mn (https://app.quantumbyte.ai/assets/index-B5BQyelf.js:9:2044)
[    3569ms] Error: Minified React error #418; visit https://reactjs.org/docs/error-decoder.html?invariant=418 for the full message or use the non-minified dev environment for full errors and additional helpful warnings.
    at yu (https://app.quantumbyte.ai/assets/index-B5BQyelf.js:22:4788)
    at sa (https://app.quantumbyte.ai/assets/index-B5BQyelf.js:24:45660)
    at la (https://app.quantumbyte.ai/assets/index-B5BQyelf.js:24:39796)
    at lc (https://app.quantumbyte.ai/assets/index-B5BQyelf.js:24:39769)
    at ea (https://app.quantumbyte.ai/assets/index-B5BQyelf.js:24:34788)
    at sn (https://app.quantumbyte.ai/assets/index-B5BQyelf.js:9:1651)
    at MessagePort.Mn (https://app.quantumbyte.ai/assets/index-B5BQyelf.js:9:2044)
[    3569ms] Error: Minified React error #418; visit https://reactjs.org/docs/error-decoder.html?invariant=418 for the full message or use the non-minified dev environment for full errors and additional helpful warnings.
    at yu (https://app.quantumbyte.ai/assets/index-B5BQyelf.js:22:4788)
    at sa (https://app.quantumbyte.ai/assets/index-B5BQyelf.js:24:45660)
    at la (https://app.quantumbyte.ai/assets/index-B5BQyelf.js:24:39796)
    at lc (https://app.quantumbyte.ai/assets/index-B5BQyelf.js:24:39769)
    at ea (https://app.quantumbyte.ai/assets/index-B5BQyelf.js:24:34788)
    at sn (https://app.quantumbyte.ai/assets/index-B5BQyelf.js:9:1651)
    at MessagePort.Mn (https://app.quantumbyte.ai/assets/index-B5BQyelf.js:9:2044)
[    3569ms] Error: Minified React error #418; visit https://reactjs.org/docs/error-decoder.html?invariant=418 for the full message or use the non-minified dev environment for full errors and additional helpful warnings.
    at yu (https://app.quantumbyte.ai/assets/index-B5BQyelf.js:22:4788)
    at sa (https://app.quantumbyte.ai/assets/index-B5BQyelf.js:24:45660)
    at la (https://app.quantumbyte.ai/assets/index-B5BQyelf.js:24:39796)
    at lc (https://app.quantumbyte.ai/assets/index-B5BQyelf.js:24:39769)
    at ea (https://app.quantumbyte.ai/assets/index-B5BQyelf.js:24:34788)
    at sn (https://app.quantumbyte.ai/assets/index-B5BQyelf.js:9:1651)
    at MessagePort.Mn (https://app.quantumbyte.ai/assets/index-B5BQyelf.js:9:2044)
[    3569ms] Error: Minified React error #418; visit https://reactjs.org/docs/error-decoder.html?invariant=418 for the full message or use the non-minified dev environment for full errors and additional helpful warnings.
    at yu (https://app.quantumbyte.ai/assets/index-B5BQyelf.js:22:4788)
    at sa (https://app.quantumbyte.ai/assets/index-B5BQyelf.js:24:45660)
    at la (https://app.quantumbyte.ai/assets/index-B5BQyelf.js:24:39796)
    at lc (https://app.quantumbyte.ai/assets/index-B5BQyelf.js:24:39769)
    at ea (https://app.quantumbyte.ai/assets/index-B5BQyelf.js:24:34788)
    at sn (https://app.quantumbyte.ai/assets/index-B5BQyelf.js:9:1651)
    at MessagePort.Mn (https://app.quantumbyte.ai/assets/index-B5BQyelf.js:9:2044)
[    3569ms] Error: Minified React error #418; visit https://reactjs.org/docs/error-decoder.html?invariant=418 for the full message or use the non-minified dev environment for full errors and additional helpful warnings.
    at yu (https://app.quantumbyte.ai/assets/index-B5BQyelf.js:22:4788)
    at sa (https://app.quantumbyte.ai/assets/index-B5BQyelf.js:24:45660)
    at la (https://app.quantumbyte.ai/assets/index-B5BQyelf.js:24:39796)
    at lc (https://app.quantumbyte.ai/assets/index-B5BQyelf.js:24:39769)
    at ea (https://app.quantumbyte.ai/assets/index-B5BQyelf.js:24:34788)
    at sn (https://app.quantumbyte.ai/assets/index-B5BQyelf.js:9:1651)
    at MessagePort.Mn (https://app.quantumbyte.ai/assets/index-B5BQyelf.js:9:2044)
[    3569ms] Error: Minified React error #418; visit https://reactjs.org/docs/error-decoder.html?invariant=418 for the full message or use the non-minified dev environment for full errors and additional helpful warnings.
    at yu (https://app.quantumbyte.ai/assets/index-B5BQyelf.js:22:4788)
    at sa (https://app.quantumbyte.ai/assets/index-B5BQyelf.js:24:45660)
    at la (https://app.quantumbyte.ai/assets/index-B5BQyelf.js:24:39796)
    at lc (https://app.quantumbyte.ai/assets/index-B5BQyelf.js:24:39769)
    at ea (https://app.quantumbyte.ai/assets/index-B5BQyelf.js:24:34788)
    at sn (https://app.quantumbyte.ai/assets/index-B5BQyelf.js:9:1651)
    at MessagePort.Mn (https://app.quantumbyte.ai/assets/index-B5BQyelf.js:9:2044)
[    3569ms] Error: Minified React error #418; visit https://reactjs.org/docs/error-decoder.html?invariant=418 for the full message or use the non-minified dev environment for full errors and additional helpful warnings.
    at yu (https://app.quantumbyte.ai/assets/index-B5BQyelf.js:22:4788)
    at sa (https://app.quantumbyte.ai/assets/index-B5BQyelf.js:24:45660)
    at la (https://app.quantumbyte.ai/assets/index-B5BQyelf.js:24:39796)
    at lc (https://app.quantumbyte.ai/assets/index-B5BQyelf.js:24:39769)
    at ea (https://app.quantumbyte.ai/assets/index-B5BQyelf.js:24:34788)
    at sn (https://app.quantumbyte.ai/assets/index-B5BQyelf.js:9:1651)
    at MessagePort.Mn (https://app.quantumbyte.ai/assets/index-B5BQyelf.js:9:2044)
[    3569ms] Error: Minified React error #423; visit https://reactjs.org/docs/error-decoder.html?invariant=423 for the full message or use the non-minified dev environment for full errors and additional helpful warnings.
    at sa (https://app.quantumbyte.ai/assets/index-B5BQyelf.js:24:45320)
    at la (https://app.quantumbyte.ai/assets/index-B5BQyelf.js:24:39796)
    at rc (https://app.quantumbyte.ai/assets/index-B5BQyelf.js:24:39727)
    at ml (https://app.quantumbyte.ai/assets/index-B5BQyelf.js:24:39585)
    at li (https://app.quantumbyte.ai/assets/index-B5BQyelf.js:24:35969)
    at ea (https://app.quantumbyte.ai/assets/index-B5BQyelf.js:24:34922)
    at sn (https://app.quantumbyte.ai/assets/index-B5BQyelf.js:9:1651)
    at MessagePort.Mn (https://app.quantumbyte.ai/assets/index-B5BQyelf.js:9:2044)
[    3597ms] [LOG] {streamUrl: https://tunneler.quantumbyte.ai/attach/nv7sw4gs-48…ck.quantumbyte%3A9999%2Fcommon%2Fcheck-generation} @ https://app.quantumbyte.ai/assets/use-tunneler-stream-Bn95muoV.js:53
[    3614ms] [LOG] PostHog loaded successfully @ https://app.quantumbyte.ai/assets/root-C2oriN19.js:10
[    3615ms] [LOG] PostHog distinct_id: 019ef3b0-42a0-7510-ad42-a9eb186229be @ https://app.quantumbyte.ai/assets/root-C2oriN19.js:10
[    3662ms] [LOG] {streamUrl: https://tunneler.quantumbyte.ai/attach/nv7sw4gs-48…ck.quantumbyte%3A9999%2Fcommon%2Fcheck-generation} @ https://app.quantumbyte.ai/assets/use-tunneler-stream-Bn95muoV.js:53
[    3967ms] [LOG] Stream connected @ https://app.quantumbyte.ai/ph-relay-xqcz/static/posthog-recorder.js?v=1.369.3:0
[    3968ms] [LOG] Stream data: {success: true, url: https://nv7sw4gs-4817-prod.quantumbyte.ai, project_id: nv7sw4gs-4817, port: 30331, already_running: true} @ https://app.quantumbyte.ai/ph-relay-xqcz/static/posthog-recorder.js?v=1.369.3:0
[    3968ms] [ERROR] Failed to load resource: the server responded with a status of 400 () @ https://client-api.quantumbyte.ai/socket.io/?EIO=4&transport=polling&t=exhvp6y7:0
[    3969ms] [ERROR] Failed to load resource: the server responded with a status of 400 () @ https://client-api.quantumbyte.ai/socket.io/?EIO=4&transport=polling&t=exhvqvs1:0
[    3969ms] [ERROR] Failed to load resource: the server responded with a status of 400 () @ https://client-api.quantumbyte.ai/socket.io/?EIO=4&transport=polling&t=exhvs85a:0
[    3969ms] [ERROR] Failed to load resource: the server responded with a status of 400 () @ https://client-api.quantumbyte.ai/socket.io/?EIO=4&transport=polling&t=exhtnt15:0
[    4040ms] [LOG] [ConceptPage] Slide sync: {slidesCount: 10, schemaLength: 0, isHydratingSchema: true, shouldAddMiddleEditor: true} @ https://app.quantumbyte.ai/ph-relay-xqcz/static/posthog-recorder.js?v=1.369.3:0
[    4082ms] [LOG] [ConceptPage] Slide sync: {slidesCount: 10, schemaLength: 0, isHydratingSchema: true, shouldAddMiddleEditor: true} @ https://app.quantumbyte.ai/ph-relay-xqcz/static/posthog-recorder.js?v=1.369.3:0
[    4137ms] [ERROR] Access to fetch at 'https://nv7sw4gs-4817-prod.quantumbyte.ai/' from origin 'https://app.quantumbyte.ai' has been blocked by CORS policy: No 'Access-Control-Allow-Origin' header is present on the requested resource. @ https://app.quantumbyte.ai/dashboard/project/blueprint/nv7sw4gs-4817:0
[    4137ms] [ERROR] Failed to load resource: net::ERR_FAILED @ https://nv7sw4gs-4817-prod.quantumbyte.ai/:0
[    4163ms] [LOG] [ConceptPage] Slide sync: {slidesCount: 10, schemaLength: 32, isHydratingSchema: false, shouldAddMiddleEditor: true} @ https://app.quantumbyte.ai/ph-relay-xqcz/static/posthog-recorder.js?v=1.369.3:0
[    4284ms] [LOG] [ConceptPage] Slide sync: {slidesCount: 10, schemaLength: 32, isHydratingSchema: false, shouldAddMiddleEditor: true} @ https://app.quantumbyte.ai/ph-relay-xqcz/static/posthog-recorder.js?v=1.369.3:0
[    4287ms] [LOG] [ConceptPage] Slide sync: {slidesCount: 10, schemaLength: 32, isHydratingSchema: false, shouldAddMiddleEditor: true} @ https://app.quantumbyte.ai/ph-relay-xqcz/static/posthog-recorder.js?v=1.369.3:0
[    4502ms] [LOG] [Configurables] Fetching /api/configurables... @ https://nv7sw4gs-4817-prod.quantumbyte.ai/app/modules/configurables/src/hooks/use-configurables.ts:35
[    4525ms] [LOG] [Configurables] Fetch OK {hasData: true, hasSchema: true, schemaLength: 32} @ https://nv7sw4gs-4817-prod.quantumbyte.ai/app/modules/configurables/src/hooks/use-configurables.ts:44
[    4526ms] [LOG] [Configurables] Config loaded, emitting READY {isInIframe: true, timestamp: 1782205149734} @ https://nv7sw4gs-4817-prod.quantumbyte.ai/app/modules/configurables/src/hooks/use-configurables.ts:23
[    4526ms] [LOG] [Configurables] QB_MIDDLE_EDITOR_READY sent to parent @ https://nv7sw4gs-4817-prod.quantumbyte.ai/app/modules/configurables/src/hooks/use-configurables.ts:29
[    4539ms] [LOG] [Configurables] Received QB_MIDDLE_EDITOR_UPDATE {hasPayload: true} @ https://nv7sw4gs-4817-prod.quantumbyte.ai/app/modules/configurables/src/hooks/use-configurables.ts:71
[    5011ms] [ERROR] Failed to load resource: the server responded with a status of 400 () @ https://client-api.quantumbyte.ai/socket.io/?EIO=4&transport=polling&t=exitxwsu:0
[    5090ms] [ERROR] Failed to load resource: the server responded with a status of 400 () @ https://client-api.quantumbyte.ai/socket.io/?EIO=4&transport=polling&t=exiyxbzn:0
[    5301ms] [ERROR] Failed to load resource: the server responded with a status of 400 () @ https://client-api.quantumbyte.ai/socket.io/?EIO=4&transport=polling&t=exj4sduu:0
[    6094ms] [ERROR] Access to fetch at 'https://nv7sw4gs-4817-prod.quantumbyte.ai/' from origin 'https://app.quantumbyte.ai' has been blocked by CORS policy: No 'Access-Control-Allow-Origin' header is present on the requested resource. @ https://app.quantumbyte.ai/dashboard/project/blueprint/nv7sw4gs-4817:0
[    6094ms] [ERROR] Failed to load resource: net::ERR_FAILED @ https://nv7sw4gs-4817-prod.quantumbyte.ai/:0
[    6166ms] [ERROR] Failed to load resource: the server responded with a status of 400 () @ https://client-api.quantumbyte.ai/socket.io/?EIO=4&transport=polling&t=exjt1n3l:0
[    6535ms] [ERROR] Failed to load resource: the server responded with a status of 400 () @ https://client-api.quantumbyte.ai/socket.io/?EIO=4&transport=polling&t=exk16l5g:0
[    7853ms] [ERROR] Failed to load resource: the server responded with a status of 400 () @ https://client-api.quantumbyte.ai/socket.io/?EIO=4&transport=polling&t=exl2xkdb:0
[    8084ms] [ERROR] Access to fetch at 'https://nv7sw4gs-4817-prod.quantumbyte.ai/' from origin 'https://app.quantumbyte.ai' has been blocked by CORS policy: No 'Access-Control-Allow-Origin' header is present on the requested resource. @ https://app.quantumbyte.ai/dashboard/project/blueprint/nv7sw4gs-4817:0
[    8084ms] [ERROR] Failed to load resource: net::ERR_FAILED @ https://nv7sw4gs-4817-prod.quantumbyte.ai/:0
[   10055ms] [ERROR] Access to fetch at 'https://nv7sw4gs-4817-prod.quantumbyte.ai/' from origin 'https://app.quantumbyte.ai' has been blocked by CORS policy: No 'Access-Control-Allow-Origin' header is present on the requested resource. @ https://app.quantumbyte.ai/dashboard/project/blueprint/nv7sw4gs-4817:0
[   10055ms] [ERROR] Failed to load resource: net::ERR_FAILED @ https://nv7sw4gs-4817-prod.quantumbyte.ai/:0
[   10363ms] [ERROR] Failed to load resource: the server responded with a status of 400 () @ https://client-api.quantumbyte.ai/socket.io/?EIO=4&transport=polling&t=exn17lpt:0
[   10812ms] [ERROR] Failed to load resource: the server responded with a status of 400 () @ https://client-api.quantumbyte.ai/socket.io/?EIO=4&transport=polling&t=exne31mp:0
[   12035ms] [ERROR] Access to fetch at 'https://nv7sw4gs-4817-prod.quantumbyte.ai/' from origin 'https://app.quantumbyte.ai' has been blocked by CORS policy: No 'Access-Control-Allow-Origin' header is present on the requested resource. @ https://app.quantumbyte.ai/dashboard/project/blueprint/nv7sw4gs-4817:0
[   12035ms] [ERROR] Failed to load resource: net::ERR_FAILED @ https://nv7sw4gs-4817-prod.quantumbyte.ai/:0
[   12540ms] [ERROR] Failed to load resource: the server responded with a status of 400 () @ https://client-api.quantumbyte.ai/socket.io/?EIO=4&transport=polling&t=exoq1nhq:0
[   13806ms] [LOG] Stream data: {event: state_change, project_id: nv7sw4gs-4817, state: ready, url: https://nv7sw4gs-4817-prod.quantumbyte.ai, message: Project is ProjectState.READY} @ https://app.quantumbyte.ai/ph-relay-xqcz/static/posthog-recorder.js?v=1.369.3:0
[   13806ms] [LOG] Stream data: {success: true, url: https://nv7sw4gs-4817-prod.quantumbyte.ai, project_id: nv7sw4gs-4817, port: 30331, already_running: true} @ https://app.quantumbyte.ai/ph-relay-xqcz/static/posthog-recorder.js?v=1.369.3:0
[   14056ms] [ERROR] Access to fetch at 'https://nv7sw4gs-4817-prod.quantumbyte.ai/' from origin 'https://app.quantumbyte.ai' has been blocked by CORS policy: No 'Access-Control-Allow-Origin' header is present on the requested resource. @ https://app.quantumbyte.ai/dashboard/project/blueprint/nv7sw4gs-4817:0
[   14057ms] [ERROR] Failed to load resource: net::ERR_FAILED @ https://nv7sw4gs-4817-prod.quantumbyte.ai/:0
[   15378ms] [ERROR] Failed to load resource: the server responded with a status of 400 () @ https://client-api.quantumbyte.ai/socket.io/?EIO=4&transport=polling&t=exqwywy4:0
[   15831ms] [ERROR] Failed to load resource: the server responded with a status of 400 () @ https://client-api.quantumbyte.ai/socket.io/?EIO=4&transport=polling&t=exr9i07t:0
[   16020ms] [ERROR] Access to fetch at 'https://nv7sw4gs-4817-prod.quantumbyte.ai/' from origin 'https://app.quantumbyte.ai' has been blocked by CORS policy: No 'Access-Control-Allow-Origin' header is present on the requested resource. @ https://app.quantumbyte.ai/dashboard/project/blueprint/nv7sw4gs-4817:0
[   16020ms] [ERROR] Failed to load resource: net::ERR_FAILED @ https://nv7sw4gs-4817-prod.quantumbyte.ai/:0
[   17553ms] [ERROR] Failed to load resource: the server responded with a status of 400 () @ https://client-api.quantumbyte.ai/socket.io/?EIO=4&transport=polling&t=exsla4us:0
[   18011ms] [ERROR] Access to fetch at 'https://nv7sw4gs-4817-prod.quantumbyte.ai/' from origin 'https://app.quantumbyte.ai' has been blocked by CORS policy: No 'Access-Control-Allow-Origin' header is present on the requested resource. @ https://app.quantumbyte.ai/dashboard/project/blueprint/nv7sw4gs-4817:0
[   18011ms] [ERROR] Failed to load resource: net::ERR_FAILED @ https://nv7sw4gs-4817-prod.quantumbyte.ai/:0
[   20008ms] [ERROR] Access to fetch at 'https://nv7sw4gs-4817-prod.quantumbyte.ai/' from origin 'https://app.quantumbyte.ai' has been blocked by CORS policy: No 'Access-Control-Allow-Origin' header is present on the requested resource. @ https://app.quantumbyte.ai/dashboard/project/blueprint/nv7sw4gs-4817:0
[   20009ms] [ERROR] Failed to load resource: net::ERR_FAILED @ https://nv7sw4gs-4817-prod.quantumbyte.ai/:0
[   20405ms] [ERROR] Failed to load resource: the server responded with a status of 400 () @ https://client-api.quantumbyte.ai/socket.io/?EIO=4&transport=polling&t=exusctzd:0
[   20848ms] [ERROR] Failed to load resource: the server responded with a status of 400 () @ https://client-api.quantumbyte.ai/socket.io/?EIO=4&transport=polling&t=exv4uh5c:0
[   22029ms] [ERROR] Access to fetch at 'https://nv7sw4gs-4817-prod.quantumbyte.ai/' from origin 'https://app.quantumbyte.ai' has been blocked by CORS policy: No 'Access-Control-Allow-Origin' header is present on the requested resource. @ https://app.quantumbyte.ai/dashboard/project/blueprint/nv7sw4gs-4817:0
[   22030ms] [ERROR] Failed to load resource: net::ERR_FAILED @ https://nv7sw4gs-4817-prod.quantumbyte.ai/:0
[   22596ms] [ERROR] Failed to load resource: the server responded with a status of 400 () @ https://client-api.quantumbyte.ai/socket.io/?EIO=4&transport=polling&t=exwgktfq:0
[   23705ms] [LOG] Stream data: {success: true, url: https://nv7sw4gs-4817-prod.quantumbyte.ai, project_id: nv7sw4gs-4817, port: 30331, already_running: true} @ https://app.quantumbyte.ai/ph-relay-xqcz/static/posthog-recorder.js?v=1.369.3:0
[   24015ms] [ERROR] Access to fetch at 'https://nv7sw4gs-4817-prod.quantumbyte.ai/' from origin 'https://app.quantumbyte.ai' has been blocked by CORS policy: No 'Access-Control-Allow-Origin' header is present on the requested resource. @ https://app.quantumbyte.ai/dashboard/project/blueprint/nv7sw4gs-4817:0
[   24015ms] [ERROR] Failed to load resource: net::ERR_FAILED @ https://nv7sw4gs-4817-prod.quantumbyte.ai/:0
[   26119ms] [ERROR] Access to fetch at 'https://nv7sw4gs-4817-prod.quantumbyte.ai/' from origin 'https://app.quantumbyte.ai' has been blocked by CORS policy: No 'Access-Control-Allow-Origin' header is present on the requested resource. @ https://app.quantumbyte.ai/dashboard/project/blueprint/nv7sw4gs-4817:0
[   26119ms] [ERROR] Failed to load resource: net::ERR_FAILED @ https://nv7sw4gs-4817-prod.quantumbyte.ai/:0
