[     915ms] [INFO] %cDownload the React DevTools for a better development experience: https://react.dev/link/react-devtools font-weight:bold @ http://localhost:3000/node_modules/.vite/deps/react-dom_client.js?v=5022fa71:20102
[     955ms] [LOG] [Configurables] Fetching /api/configurables... @ http://localhost:3000/app/modules/configurables/src/hooks/use-configurables.ts:35
[     975ms] [LOG] [Configurables] Fetch OK {hasData: true, hasSchema: true, schemaLength: 50} @ http://localhost:3000/app/modules/configurables/src/hooks/use-configurables.ts:44
[     975ms] [LOG] [Configurables] Config loaded, emitting READY {isInIframe: false, timestamp: 1782208867823} @ http://localhost:3000/app/modules/configurables/src/hooks/use-configurables.ts:23
[   15524ms] [WARNING] The resource http://localhost:3000/app/tailwind.css was preloaded using link preload but not used within a few seconds from the window's load event. Please make sure it has an appropriate `as` value and it is preloaded intentionally. @ http://localhost:3000/:0
[   28316ms] [INFO] %cDownload the React DevTools for a better development experience: https://react.dev/link/react-devtools font-weight:bold @ http://localhost:3000/node_modules/.vite/deps/react-dom_client.js?v=5022fa71:20102
[   28351ms] [LOG] [Configurables] Fetching /api/configurables... @ http://localhost:3000/app/modules/configurables/src/hooks/use-configurables.ts:35
[   28370ms] [LOG] [Configurables] Fetch OK {hasData: true, hasSchema: true, schemaLength: 50} @ http://localhost:3000/app/modules/configurables/src/hooks/use-configurables.ts:44
[   28371ms] [LOG] [Configurables] Config loaded, emitting READY {isInIframe: false, timestamp: 1782208895219} @ http://localhost:3000/app/modules/configurables/src/hooks/use-configurables.ts:23
[   28927ms] [ERROR] Failed to load resource: net::ERR_CONNECTION_REFUSED @ http://localhost:3000/app/tailwind.css:0
[   28933ms] [ERROR] Failed to load resource: net::ERR_CONNECTION_REFUSED @ http://localhost:3000/@id/__x00__virtual:react-router/inject-hmr-runtime:0
[   28933ms] [ERROR] Failed to load resource: net::ERR_CONNECTION_REFUSED @ http://localhost:3000/@vite/client:0
[   28933ms] [ERROR] Failed to load resource: net::ERR_CONNECTION_REFUSED @ http://localhost:3000/app/tailwind.css?url:0
[   28933ms] [ERROR] Failed to load resource: net::ERR_CONNECTION_REFUSED @ http://localhost:3000/@id/__x00__virtual:react-router/hmr-runtime:0
[   28933ms] [ERROR] Failed to load resource: net::ERR_CONNECTION_REFUSED @ http://localhost:3000/app/modules/configurables/index.ts:0
[   28933ms] [ERROR] Failed to load resource: net::ERR_CONNECTION_REFUSED @ http://localhost:3000/app/components/mobile-nav.tsx:0
[   28933ms] [ERROR] Failed to load resource: net::ERR_CONNECTION_REFUSED @ http://localhost:3000/app/error.tsx:0
[   28933ms] [ERROR] Failed to load resource: net::ERR_CONNECTION_REFUSED @ http://localhost:3000/app/lib/utils.ts:0
[   28933ms] [ERROR] Failed to load resource: net::ERR_CONNECTION_REFUSED @ http://localhost:3000/app/components/ui.tsx:0
[   28933ms] [ERROR] Failed to load resource: net::ERR_CONNECTION_REFUSED @ http://localhost:3000/app/components/brand.tsx:0
[   28933ms] [ERROR] Failed to load resource: net::ERR_CONNECTION_REFUSED @ http://localhost:3000/app/components/chat/character-card.tsx:0
[   28933ms] [ERROR] Failed to load resource: net::ERR_CONNECTION_REFUSED @ http://localhost:3000/app/lib/chat.client.ts:0
[   28933ms] [ERROR] Failed to load resource: net::ERR_CONNECTION_REFUSED @ http://localhost:3000/app/hooks/use-auth.tsx:0
